#-----------------------------------------------------------
# Vivado v2020.2 (64-bit)
# SW Build 3064766 on Wed Nov 18 09:12:45 MST 2020
# IP Build 3064653 on Wed Nov 18 14:17:31 MST 2020
# Start of session at: Tue Nov  8 16:40:08 2022
# Process ID: 1832
# Current directory: E:/Xilinx/Vivado2020_project/cube1.1
# Command line: vivado.exe -gui_launcher_event rodinguilauncherevent10676 E:\Xilinx\Vivado2020_project\cube1.1\cube1.xpr
# Log file: E:/Xilinx/Vivado2020_project/cube1.1/vivado.log
# Journal file: E:/Xilinx/Vivado2020_project/cube1.1\vivado.jou
#-----------------------------------------------------------
start_gui
open_project E:/Xilinx/Vivado2020_project/cube1.1/cube1.xpr
Scanning sources...
Finished scanning sources
INFO: [IP_Flow 19-234] Refreshing IP repositories
INFO: [IP_Flow 19-1700] Loaded user IP repository 'e:/Xilinx/ip-library'.
INFO: [IP_Flow 19-2313] Loaded Vivado IP repository 'D:/Xilinx/Vivado20.1/Vivado/2020.2/data/ip'.
open_project: Time (s): cpu = 00:00:16 ; elapsed = 00:00:07 . Memory (MB): peak = 1143.875 ; gain = 0.000
update_compile_order -fileset sources_1
exit
INFO: [Common 17-206] Exiting Vivado at Tue Nov  8 16:40:34 2022...
