#-----------------------------------------------------------
# Vivado v2020.2 (64-bit)
# SW Build 3064766 on Wed Nov 18 09:12:45 MST 2020
# IP Build 3064653 on Wed Nov 18 14:17:31 MST 2020
# Start of session at: Mon Nov  7 13:33:44 2022
# Process ID: 14524
# Current directory: E:/Xilinx/Vivado2020_project/cube1
# Command line: vivado.exe -gui_launcher_event rodinguilauncherevent23452 E:\Xilinx\Vivado2020_project\cube1\cube1.xpr
# Log file: E:/Xilinx/Vivado2020_project/cube1/vivado.log
# Journal file: E:/Xilinx/Vivado2020_project/cube1\vivado.jou
#-----------------------------------------------------------
start_gui
open_project E:/Xilinx/Vivado2020_project/cube1/cube1.xpr
INFO: [Project 1-313] Project file moved from 'E:/FPGA/cube1' since last save.
INFO: [filemgmt 56-1] IP Repository Path: Directory not found as 'E:/Xilinx/Xilinx/ip-library'; using path 'E:/Xilinx/ip-library' instead.
Scanning sources...
Finished scanning sources
INFO: [IP_Flow 19-234] Refreshing IP repositories
INFO: [IP_Flow 19-1700] Loaded user IP repository 'e:/Xilinx/ip-library'.
INFO: [IP_Flow 19-2313] Loaded Vivado IP repository 'D:/Xilinx/Vivado20.1/Vivado/2020.2/data/ip'.
open_project: Time (s): cpu = 00:00:19 ; elapsed = 00:00:07 . Memory (MB): peak = 1126.547 ; gain = 0.000
update_compile_order -fileset sources_1
update_compile_order -fileset sources_1
update_compile_order -fileset sources_1
